<?xml version="1.0" encoding="UTF-8"?>
<!-- Generated by org.testng.reporters.JUnitReportReporter -->
<testsuite hostname="HP" failures="0" tests="3" name="testCases.TC04_HomePageUI" time="0.210" errors="0" timestamp="2025-08-29T17:45:50 IST" skipped="0">
  <testcase classname="testCases.TC04_HomePageUI" name="informationSitemapShown" time="0.047"/>
  <testcase classname="testCases.TC04_HomePageUI" name="isLogoDisplayed" time="0.020"/>
  <testcase classname="testCases.TC04_HomePageUI" name="HeaderShown" time="0.143"/>
</testsuite> <!-- testCases.TC04_HomePageUI -->
