<?xml version="1.0" encoding="UTF-8"?>
<!-- Generated by org.testng.reporters.JUnitReportReporter -->
<testsuite hostname="HP" failures="0" tests="1" name="testCases.TC02_AccountLogin" time="4.710" errors="0" timestamp="2025-08-29T17:45:50 IST" skipped="0">
  <testcase classname="testCases.TC02_AccountLogin" name="Login" time="4.710"/>
</testsuite> <!-- testCases.TC02_AccountLogin -->
