<?xml version="1.0" encoding="UTF-8"?>
<!-- Generated by org.testng.reporters.JUnitReportReporter -->
<testsuite hostname="HP" failures="0" tests="1" name="testCases.TC01_AccountRegister" time="4.223" errors="0" timestamp="2025-08-29T17:45:50 IST" skipped="0">
  <testcase classname="testCases.TC01_AccountRegister" name="register" time="4.223"/>
</testsuite> <!-- testCases.TC01_AccountRegister -->
