<?xml version="1.0" encoding="UTF-8"?>
<!-- Generated by org.testng.reporters.JUnitReportReporter -->
<testsuite hostname="HP" failures="0" tests="3" name="testCases.TC03_AccountLoginMultipleLoginData" time="5.509" errors="0" timestamp="2025-08-29T17:45:50 IST" skipped="0">
  <testcase classname="testCases.TC03_AccountLoginMultipleLoginData" name="Login" time="2.505"/>
  <testcase classname="testCases.TC03_AccountLoginMultipleLoginData" name="Login" time="1.792"/>
  <testcase classname="testCases.TC03_AccountLoginMultipleLoginData" name="Login" time="1.212"/>
</testsuite> <!-- testCases.TC03_AccountLoginMultipleLoginData -->
